Using pre-set license
Built from '2020.3/staging' branch; Version is '2020.3.3f1 (76626098c1c4) revision 7758432'; Using compiler version '192528614'; Build Type 'Release'
OS: 'Windows 10 Home; OS build 19043.1052; Version 2009; 64bit' Language: 'en' Physical Memory: 16222 MB
BatchMode: 1, IsHumanControllingUs: 0, StartBugReporterOnCrash: 0, Is64bit: 1, IsPro: 0

 COMMAND LINE ARGUMENTS:
D:\Unity projects\2020.3.3f1\Editor\Unity.exe
-adb2
-batchMode
-noUpm
-name
AssetImportWorker0
-projectPath
D:/Unity projects/GD_FlappyBird_CourseProject_
-logFile
Logs/AssetImportWorker0.log
-srvPort
64643
Successfully changed project path to: D:/Unity projects/GD_FlappyBird_CourseProject_
D:/Unity projects/GD_FlappyBird_CourseProject_
Using Asset Import Pipeline V2.
Refreshing native plugins compatible for Editor in 71.57 ms, found 3 plugins.
Preloading 0 native plugins for Editor in 0.00 ms.
Initialize engine version: 2020.3.3f1 (76626098c1c4)
[Subsystems] Discovering subsystems at path D:/Unity projects/2020.3.3f1/Editor/Data/Resources/UnitySubsystems
[Subsystems] Discovering subsystems at path D:/Unity projects/GD_FlappyBird_CourseProject_/Assets
GfxDevice: creating device client; threaded=0
Direct3D:
    Version:  Direct3D 11.0 [level 11.1]
    Renderer: NVIDIA GeForce GTX 1660 Ti (ID=0x2191)
    Vendor:   
    VRAM:     5991 MB
    Driver:   27.21.14.6230
Shader 'Universal Render Pipeline/Particles/Lit': fallback shader 'Universal Render Pipeline/Particles/SimpleLit' not found
Initialize mono
Mono path[0] = 'D:/Unity projects/2020.3.3f1/Editor/Data/Managed'
Mono path[1] = 'D:/Unity projects/2020.3.3f1/Editor/Data/MonoBleedingEdge/lib/mono/unityjit'
Mono config path = 'D:/Unity projects/2020.3.3f1/Editor/Data/MonoBleedingEdge/etc'
Using monoOptions --debugger-agent=transport=dt_socket,embedding=1,server=y,suspend=n,address=127.0.0.1:56180
Begin MonoManager ReloadAssembly
Registering precompiled unity dll's ...
Register platform support module: D:/Unity projects/2020.3.3f1/Editor/Data/PlaybackEngines/WebGLSupport/UnityEditor.WebGL.Extensions.dll
Register platform support module: D:/Unity projects/2020.3.3f1/Editor/Data/PlaybackEngines/WindowsStandaloneSupport/UnityEditor.WindowsStandalone.Extensions.dll
Registered in 0.001732 seconds.
Native extension for WindowsStandalone target not found
Native extension for WebGL target not found
Refreshing native plugins compatible for Editor in 71.03 ms, found 3 plugins.
Preloading 0 native plugins for Editor in 0.00 ms.
Invoked RoslynAnalysisRunner static constructor.
RoslynAnalysisRunner will not be running.
RoslynAnalysisRunner has terminated.
Mono: successfully reloaded assembly
- Completed reload, in  2.275 seconds
Platform modules already initialized, skipping
Registering precompiled user dll's ...
Registered in 0.006526 seconds.
Begin MonoManager ReloadAssembly
Native extension for WindowsStandalone target not found
Native extension for WebGL target not found
Refreshing native plugins compatible for Editor in 84.82 ms, found 3 plugins.
Preloading 0 native plugins for Editor in 0.00 ms.
Invoked RoslynAnalysisRunner static constructor.
RoslynAnalysisRunner will not be running.
RoslynAnalysisRunner has terminated.
Mono: successfully reloaded assembly
- Completed reload, in  1.475 seconds
Platform modules already initialized, skipping
========================================================================
Worker process is ready to serve import requests
Shader 'Universal Render Pipeline/Particles/Lit': fallback shader 'Universal Render Pipeline/Particles/SimpleLit' not found
Launched and connected shader compiler UnityShaderCompiler.exe after 0.08 seconds
Refreshing native plugins compatible for Editor in 0.84 ms, found 3 plugins.
Preloading 0 native plugins for Editor in 0.00 ms.
Unloading 3468 Unused Serialized files (Serialized files now loaded: 0)
System memory in use before: 147.5 MB.
System memory in use after: 147.6 MB.

Unloading 40 unused Assets to reduce memory usage. Loaded Objects now: 3900.
Total: 3.775300 ms (FindLiveObjects: 0.339800 ms CreateObjectMapping: 0.212800 ms MarkObjects: 3.007900 ms  DeleteObjects: 0.213600 ms)

========================================================================
Received Import Request.
  path: Assets/scripts/Multiplayer Scripts/MulObsticlespawn.cs
  artifactKey: Guid(be2847d0d0729be4cafafb5070f8957a) Importer(815301076,1909f56bfc062723c751e8b465ee728b)
Start importing Assets/scripts/Multiplayer Scripts/MulObsticlespawn.cs using Guid(be2847d0d0729be4cafafb5070f8957a) Importer(815301076,1909f56bfc062723c751e8b465ee728b)  -> (artifact id: '98c9455c323506f921d0f549751bae20') in 0.109488 seconds
  Import took 0.117607 seconds .

========================================================================
Received Prepare
Registering precompiled user dll's ...
Registered in 0.006480 seconds.
Begin MonoManager ReloadAssembly
Native extension for WindowsStandalone target not found
Native extension for WebGL target not found
Refreshing native plugins compatible for Editor in 0.72 ms, found 3 plugins.
Preloading 0 native plugins for Editor in 0.00 ms.
Invoked RoslynAnalysisRunner static constructor.
RoslynAnalysisRunner will not be running.
RoslynAnalysisRunner has terminated.
Mono: successfully reloaded assembly
- Completed reload, in  1.297 seconds
Platform modules already initialized, skipping
Switching build target platform(5) subTarget(0) extendedPlatform(0) -> platform(13) subTarget(537395200) extendedPlatform(0)
Shader 'Universal Render Pipeline/Particles/Lit': fallback shader 'Universal Render Pipeline/Particles/SimpleLit' not found
Refreshing native plugins compatible for Editor in 1.13 ms, found 3 plugins.
Preloading 0 native plugins for Editor in 0.00 ms.
Unloading 3359 Unused Serialized files (Serialized files now loaded: 0)
System memory in use before: 140.3 MB.
System memory in use after: 140.4 MB.

Unloading 27 unused Assets to reduce memory usage. Loaded Objects now: 3905.
Total: 4.600200 ms (FindLiveObjects: 0.409700 ms CreateObjectMapping: 0.224700 ms MarkObjects: 3.810000 ms  DeleteObjects: 0.154500 ms)

AssetImportParameters requested are different than current active one (requested -> active):
  custom:graphics/normal-map-encoding: 01000000000000000000000000000000 -> 02000000000000000000000000000000
========================================================================
Received Import Request.
  Time since last request: 102.179113 seconds.
  path: Assets/scripts/Multiplayer Scripts/MulObsticlespawn.cs
  artifactKey: Guid(be2847d0d0729be4cafafb5070f8957a) Importer(815301076,1909f56bfc062723c751e8b465ee728b)
Start importing Assets/scripts/Multiplayer Scripts/MulObsticlespawn.cs using Guid(be2847d0d0729be4cafafb5070f8957a) Importer(815301076,1909f56bfc062723c751e8b465ee728b)  -> (artifact id: 'bfa7149c3e6d3673664af4f7d88c2ca8') in 0.007332 seconds
  Import took 0.015849 seconds .

========================================================================
Received Import Request.
  Time since last request: 0.022724 seconds.
  path: Assets/scripts/Multiplayer Scripts/MulObsticlespawn.cs
  artifactKey: Guid(be2847d0d0729be4cafafb5070f8957a) Importer(815301076,1909f56bfc062723c751e8b465ee728b)
Start importing Assets/scripts/Multiplayer Scripts/MulObsticlespawn.cs using Guid(be2847d0d0729be4cafafb5070f8957a) Importer(815301076,1909f56bfc062723c751e8b465ee728b)  -> (artifact id: 'bfa7149c3e6d3673664af4f7d88c2ca8') in 0.004764 seconds
  Import took 0.012093 seconds .

========================================================================
Received Import Request.
  Time since last request: 55.074751 seconds.
  path: Assets/scripts/Multiplayer Scripts/MulObsticlespawn.cs
  artifactKey: Guid(be2847d0d0729be4cafafb5070f8957a) Importer(815301076,1909f56bfc062723c751e8b465ee728b)
Start importing Assets/scripts/Multiplayer Scripts/MulObsticlespawn.cs using Guid(be2847d0d0729be4cafafb5070f8957a) Importer(815301076,1909f56bfc062723c751e8b465ee728b)  -> (artifact id: '00b196039543123590f8926a26928818') in 0.002918 seconds
  Import took 0.011598 seconds .

========================================================================
Received Prepare
Registering precompiled user dll's ...
Registered in 0.007698 seconds.
Begin MonoManager ReloadAssembly
Native extension for WindowsStandalone target not found
Native extension for WebGL target not found
Refreshing native plugins compatible for Editor in 0.80 ms, found 3 plugins.
Preloading 0 native plugins for Editor in 0.00 ms.
Invoked RoslynAnalysisRunner static constructor.
RoslynAnalysisRunner will not be running.
RoslynAnalysisRunner has terminated.
Mono: successfully reloaded assembly
- Completed reload, in  1.406 seconds
Platform modules already initialized, skipping
Switching build target platform(5) subTarget(0) extendedPlatform(0) -> platform(13) subTarget(537395200) extendedPlatform(0)
Shader 'Universal Render Pipeline/Particles/Lit': fallback shader 'Universal Render Pipeline/Particles/SimpleLit' not found
Refreshing native plugins compatible for Editor in 0.78 ms, found 3 plugins.
Preloading 0 native plugins for Editor in 0.00 ms.
Unloading 3359 Unused Serialized files (Serialized files now loaded: 0)
System memory in use before: 140.3 MB.
System memory in use after: 140.4 MB.

Unloading 27 unused Assets to reduce memory usage. Loaded Objects now: 3910.
Total: 3.381500 ms (FindLiveObjects: 0.372800 ms CreateObjectMapping: 0.222000 ms MarkObjects: 2.667000 ms  DeleteObjects: 0.118700 ms)

AssetImportParameters requested are different than current active one (requested -> active):
  custom:graphics/normal-map-encoding: 01000000000000000000000000000000 -> 02000000000000000000000000000000
========================================================================
Received Import Request.
  Time since last request: 23.973005 seconds.
  path: Assets/prefab/bird.prefab
  artifactKey: Guid(febbb816966ec0b43b7abb1ec8f15ddf) Importer(815301076,1909f56bfc062723c751e8b465ee728b)
Start importing Assets/prefab/bird.prefab using Guid(febbb816966ec0b43b7abb1ec8f15ddf) Importer(815301076,1909f56bfc062723c751e8b465ee728b)  -> (artifact id: '58e07da2753ffe68d63021008eb260ed') in 0.706509 seconds
  Import took 0.713692 seconds .

========================================================================
Received Import Request.
  Time since last request: 0.001382 seconds.
  path: Assets/prefab/bird.prefab
  artifactKey: Guid(febbb816966ec0b43b7abb1ec8f15ddf) Importer(815301076,1909f56bfc062723c751e8b465ee728b)
Start importing Assets/prefab/bird.prefab using Guid(febbb816966ec0b43b7abb1ec8f15ddf) Importer(815301076,1909f56bfc062723c751e8b465ee728b)  -> (artifact id: '58e07da2753ffe68d63021008eb260ed') in 0.014963 seconds
  Import took 0.021647 seconds .

========================================================================
Received Import Request.
  Time since last request: 38.369282 seconds.
  path: Assets/Scenes/MulGame.unity
  artifactKey: Guid(f6695418046752144aa95b8584e3586f) Importer(815301076,1909f56bfc062723c751e8b465ee728b)
Start importing Assets/Scenes/MulGame.unity using Guid(f6695418046752144aa95b8584e3586f) Importer(815301076,1909f56bfc062723c751e8b465ee728b)  -> (artifact id: 'cd3f8b4dfcd515c9641d38792d8f628e') in 0.009287 seconds
  Import took 0.024256 seconds .

========================================================================
Received Import Request.
  Time since last request: 0.018200 seconds.
  path: Assets/Scenes/MulGame.unity
  artifactKey: Guid(f6695418046752144aa95b8584e3586f) Importer(815301076,1909f56bfc062723c751e8b465ee728b)
Start importing Assets/Scenes/MulGame.unity using Guid(f6695418046752144aa95b8584e3586f) Importer(815301076,1909f56bfc062723c751e8b465ee728b)  -> (artifact id: 'cd3f8b4dfcd515c9641d38792d8f628e') in 0.006456 seconds
  Import took 0.020472 seconds .

========================================================================
Received Prepare
Registering precompiled user dll's ...
Registered in 0.006550 seconds.
Begin MonoManager ReloadAssembly
Native extension for WindowsStandalone target not found
Native extension for WebGL target not found
Refreshing native plugins compatible for Editor in 0.70 ms, found 3 plugins.
Preloading 0 native plugins for Editor in 0.00 ms.
Invoked RoslynAnalysisRunner static constructor.
RoslynAnalysisRunner will not be running.
RoslynAnalysisRunner has terminated.
Mono: successfully reloaded assembly
- Completed reload, in  1.293 seconds
Platform modules already initialized, skipping
Switching build target platform(5) subTarget(0) extendedPlatform(0) -> platform(13) subTarget(537395200) extendedPlatform(0)
Shader 'Universal Render Pipeline/Particles/Lit': fallback shader 'Universal Render Pipeline/Particles/SimpleLit' not found
Refreshing native plugins compatible for Editor in 0.87 ms, found 3 plugins.
Preloading 0 native plugins for Editor in 0.00 ms.
Unloading 3359 Unused Serialized files (Serialized files now loaded: 0)
System memory in use before: 145.5 MB.
System memory in use after: 145.6 MB.

Unloading 27 unused Assets to reduce memory usage. Loaded Objects now: 3960.
Total: 3.326800 ms (FindLiveObjects: 0.380400 ms CreateObjectMapping: 0.196800 ms MarkObjects: 2.610900 ms  DeleteObjects: 0.137600 ms)

AssetImportParameters requested are different than current active one (requested -> active):
  custom:graphics/normal-map-encoding: 01000000000000000000000000000000 -> 02000000000000000000000000000000
========================================================================
Received Prepare
Registering precompiled user dll's ...
Registered in 0.005911 seconds.
Begin MonoManager ReloadAssembly
Native extension for WindowsStandalone target not found
Native extension for WebGL target not found
Refreshing native plugins compatible for Editor in 0.81 ms, found 3 plugins.
Preloading 0 native plugins for Editor in 0.00 ms.
Invoked RoslynAnalysisRunner static constructor.
RoslynAnalysisRunner will not be running.
RoslynAnalysisRunner has terminated.
Mono: successfully reloaded assembly
- Completed reload, in  1.603 seconds
Platform modules already initialized, skipping
Switching build target platform(5) subTarget(0) extendedPlatform(0) -> platform(13) subTarget(537395200) extendedPlatform(0)
Shader 'Universal Render Pipeline/Particles/Lit': fallback shader 'Universal Render Pipeline/Particles/SimpleLit' not found
Refreshing native plugins compatible for Editor in 0.68 ms, found 3 plugins.
Preloading 0 native plugins for Editor in 0.00 ms.
Unloading 3359 Unused Serialized files (Serialized files now loaded: 0)
System memory in use before: 145.6 MB.
System memory in use after: 145.7 MB.

Unloading 27 unused Assets to reduce memory usage. Loaded Objects now: 3965.
Total: 3.280200 ms (FindLiveObjects: 0.523100 ms CreateObjectMapping: 0.200100 ms MarkObjects: 2.450200 ms  DeleteObjects: 0.105700 ms)

AssetImportParameters requested are different than current active one (requested -> active):
  custom:graphics/normal-map-encoding: 01000000000000000000000000000000 -> 02000000000000000000000000000000
========================================================================
Received Prepare
Shader 'Universal Render Pipeline/Particles/Lit': fallback shader 'Universal Render Pipeline/Particles/SimpleLit' not found
Refreshing native plugins compatible for Editor in 6.45 ms, found 3 plugins.
Preloading 0 native plugins for Editor in 0.00 ms.
Unloading 25 Unused Serialized files (Serialized files now loaded: 0)
System memory in use before: 80.1 MB.
System memory in use after: 80.2 MB.

Unloading 25 unused Assets to reduce memory usage. Loaded Objects now: 3965.
Total: 3.367500 ms (FindLiveObjects: 0.332300 ms CreateObjectMapping: 0.174000 ms MarkObjects: 2.751400 ms  DeleteObjects: 0.108200 ms)

========================================================================
Received Import Request.
  Time since last request: 3806.931783 seconds.
  path: Assets/scripts/Multiplayer Scripts/createJoinRoom.cs
  artifactKey: Guid(56e9f39b7530e8740886a1aa052d6612) Importer(815301076,1909f56bfc062723c751e8b465ee728b)
Start importing Assets/scripts/Multiplayer Scripts/createJoinRoom.cs using Guid(56e9f39b7530e8740886a1aa052d6612) Importer(815301076,1909f56bfc062723c751e8b465ee728b)  -> (artifact id: 'b6a1b63d3ce7b1b03e29156454891e63') in 0.005056 seconds
  Import took 0.025507 seconds .

========================================================================
Received Import Request.
  Time since last request: 0.012044 seconds.
  path: Assets/scripts/Multiplayer Scripts/createJoinRoom.cs
  artifactKey: Guid(56e9f39b7530e8740886a1aa052d6612) Importer(815301076,1909f56bfc062723c751e8b465ee728b)
Start importing Assets/scripts/Multiplayer Scripts/createJoinRoom.cs using Guid(56e9f39b7530e8740886a1aa052d6612) Importer(815301076,1909f56bfc062723c751e8b465ee728b)  -> (artifact id: 'b6a1b63d3ce7b1b03e29156454891e63') in 0.003447 seconds
  Import took 0.010968 seconds .

AssetImportWorkerClient::OnTransportError - code=2 error=End of file
